<?xml version="1.0" encoding="UTF-8"?>
<!-- Generated by org.testng.reporters.JUnitReportReporter -->
<testsuite skipped="0" hostname="Admin-PC" name="qsp.DemoA" tests="1" failures="0" timestamp="13 Apr 2020 11:20:56 GMT" time="3.121" errors="0">
  <testcase name="test" time="3.121" classname="qsp.DemoA"/>
</testsuite> <!-- qsp.DemoA -->
